INFO:     Started server process [26516]
INFO:     Waiting for application startup.
10:56:28  INFO      rescueeye.main — [startup] Loading AI models ...
10:56:28  INFO      rescueeye.yolo — [yolo] Loading custom detect model: D:\RescueEye\api\models\victim_best.onnx
10:56:35  INFO      rescueeye.yolo — [yolo] detect model ready in 6311ms — custom_v1
10:56:35  INFO      rescueeye.yolo — [yolo] Loading custom classify model: D:\RescueEye\api\models\damage_best.pt
10:56:35  INFO      rescueeye.yolo — [yolo] classify model ready in 115ms — custom_v1
10:56:35  INFO      rescueeye.main — [startup] Victim model: custom_v1  (D:\RescueEye\api\models\victim_best.onnx)
10:56:35  INFO      rescueeye.main — [startup] Damage model: custom_v1  (D:\RescueEye\api\models\damage_best.pt)
10:56:35  INFO      rescueeye.main — [startup] Starting stream producer ...
10:56:35  INFO      rescueeye.stream — [stream] Starting FFmpeg producer — d:/RescueEye/api/data/demo_feed2.mp4 @ 10.0 fps
10:56:35  INFO      rescueeye.stream — [stream] FFmpeg cmd: ffmpeg -loglevel error -re -i d:/RescueEye/api/data/demo_feed2.mp4 -vf fps=10.0,scale=640:480 -f image2pipe -vcodec mjpeg -q:v 5 pipe:1
INFO:     Application startup complete.
INFO:     Uvicorn running on http://127.0.0.1:8000 (Press CTRL+C to quit)
10:57:30  INFO      rescueeye.stream — [stream] FFmpeg finished — restarting for loop
10:58:26  INFO      rescueeye.stream — [stream] FFmpeg finished — restarting for loop
10:59:01  INFO      rescueeye.detect — [detect] detections=1 inference=119ms model=custom_v1
10:59:02  INFO      rescueeye.detect — [detect] detections=1 inference=110ms model=custom_v1
10:59:03  INFO      rescueeye.detect — [detect] detections=0 inference=110ms model=custom_v1
10:59:04  INFO      rescueeye.detect — [detect] detections=5 inference=112ms model=custom_v1
10:59:05  INFO      rescueeye.detect — [detect] detections=7 inference=109ms model=custom_v1
10:59:06  INFO      rescueeye.detect — [detect] detections=6 inference=107ms model=custom_v1
10:59:07  INFO      rescueeye.detect — [detect] detections=5 inference=107ms model=custom_v1
10:59:08  INFO      rescueeye.detect — [detect] detections=5 inference=109ms model=custom_v1
10:59:09  INFO      rescueeye.detect — [detect] detections=5 inference=107ms model=custom_v1
10:59:10  INFO      rescueeye.detect — [detect] detections=4 inference=110ms model=custom_v1
10:59:11  INFO      rescueeye.detect — [detect] detections=3 inference=109ms model=custom_v1
10:59:12  INFO      rescueeye.detect — [detect] detections=4 inference=112ms model=custom_v1
10:59:13  INFO      rescueeye.detect — [detect] detections=4 inference=108ms model=custom_v1
10:59:14  INFO      rescueeye.detect — [detect] detections=1 inference=108ms model=custom_v1
10:59:15  INFO      rescueeye.detect — [detect] detections=4 inference=107ms model=custom_v1
10:59:16  INFO      rescueeye.detect — [detect] detections=6 inference=107ms model=custom_v1
10:59:17  INFO      rescueeye.detect — [detect] detections=5 inference=104ms model=custom_v1
10:59:18  INFO      rescueeye.detect — [detect] detections=4 inference=114ms model=custom_v1
10:59:19  INFO      rescueeye.detect — [detect] detections=10 inference=112ms model=custom_v1
10:59:20  INFO      rescueeye.detect — [detect] detections=2 inference=117ms model=custom_v1
10:59:21  INFO      rescueeye.detect — [detect] detections=5 inference=116ms model=custom_v1
10:59:21  INFO      rescueeye.stream — [stream] FFmpeg finished — restarting for loop
10:59:22  INFO      rescueeye.detect — [detect] detections=8 inference=105ms model=custom_v1
10:59:23  INFO      rescueeye.detect — [detect] detections=6 inference=109ms model=custom_v1
10:59:24  INFO      rescueeye.detect — [detect] detections=3 inference=108ms model=custom_v1
10:59:24  INFO      httpx — HTTP Request: POST http://localhost:3001/incidents "HTTP/1.1 201 Created"
10:59:25  INFO      rescueeye.detect — [detect] detections=11 inference=122ms model=custom_v1
10:59:26  INFO      rescueeye.detect — [detect] detections=11 inference=112ms model=custom_v1
10:59:27  INFO      rescueeye.detect — [detect] detections=2 inference=108ms model=custom_v1
10:59:28  INFO      rescueeye.detect — [detect] detections=1 inference=109ms model=custom_v1
10:59:29  INFO      rescueeye.detect — [detect] detections=2 inference=106ms model=custom_v1
11:00:17  INFO      rescueeye.stream — [stream] FFmpeg finished — restarting for loop
11:01:12  INFO      rescueeye.stream — [stream] FFmpeg finished — restarting for loop
11:02:08  INFO      rescueeye.stream — [stream] FFmpeg finished — restarting for loop
11:03:03  INFO      rescueeye.stream — [stream] FFmpeg finished — restarting for loop
11:03:59  INFO      rescueeye.stream — [stream] FFmpeg finished — restarting for loop
11:04:55  INFO      rescueeye.stream — [stream] FFmpeg finished — restarting for loop
11:05:50  INFO      rescueeye.stream — [stream] FFmpeg finished — restarting for loop
